 
 -------------- ansible@e1742ac4c82d v5.2.7 (dawn-chorus)
--- ***** ----- 
-- ******* ---- Linux-5.10.0-16-amd64-x86_64-with-glibc2.2.5 2022-07-28 19:18:59
- *** --- * --- 
- ** ---------- [config]
- ** ---------- .> app:         jumpserver:0x7ff5f0dde610
- ** ---------- .> transport:   redis://:**@redis:6379/3
- ** ---------- .> results:     redis://:**@redis:6379/3
- *** --- * --- .> concurrency: 10 (thread)
-- ******* ---- .> task events: OFF (enable -E to monitor tasks in this worker)
--- ***** ----- 
 -------------- [queues]
                .> ansible          exchange=ansible(direct) key=ansible
                

[tasks]
  . assets.tasks.account_connectivity.test_accounts_connectivity_manual
  . assets.tasks.asset_connectivity.test_asset_connectivity_manual
  . assets.tasks.asset_connectivity.test_asset_connectivity_util
  . assets.tasks.asset_connectivity.test_assets_connectivity_manual
  . assets.tasks.asset_connectivity.test_node_assets_connectivity_manual
  . assets.tasks.backup.execute_account_backup_plan
  . assets.tasks.common.add_nodes_assets_to_system_users
  . assets.tasks.gather_asset_hardware_info.update_asset_hardware_info_manual
  . assets.tasks.gather_asset_hardware_info.update_assets_hardware_info_manual
  . assets.tasks.gather_asset_hardware_info.update_assets_hardware_info_period
  . assets.tasks.gather_asset_hardware_info.update_assets_hardware_info_util
  . assets.tasks.gather_asset_hardware_info.update_node_assets_hardware_info_manual
  . assets.tasks.gather_asset_users.gather_asset_users
  . assets.tasks.gather_asset_users.gather_nodes_asset_users
  . assets.tasks.nodes_amount.check_node_assets_amount_period_task
  . assets.tasks.nodes_amount.check_node_assets_amount_task
  . assets.tasks.push_system_user.push_system_user_a_asset_manual
  . assets.tasks.push_system_user.push_system_user_to_assets
  . assets.tasks.push_system_user.push_system_user_to_assets_manual
  . assets.tasks.push_system_user.push_system_users_a_asset
  . assets.tasks.system_user_connectivity.test_system_user_connectivity_a_asset
  . assets.tasks.system_user_connectivity.test_system_user_connectivity_manual
  . assets.tasks.system_user_connectivity.test_system_user_connectivity_period
  . assets.tasks.system_user_connectivity.test_system_users_connectivity_a_asset
  . audits.tasks.clean_audits_log_period
  . authentication.tasks.clean_django_sessions
  . common.tasks.send_mail_async
  . common.tasks.send_mail_attachment_async
  . notifications.notifications.publish_task
  . ops.tasks.add
  . ops.tasks.add_m
  . ops.tasks.check_server_performance_period
  . ops.tasks.clean_celery_periodic_tasks
  . ops.tasks.clean_celery_tasks_period
  . ops.tasks.clean_tasks_adhoc_period
  . ops.tasks.create_or_update_registered_periodic_tasks
  . ops.tasks.hello
  . ops.tasks.hello123
  . ops.tasks.hello_callback
  . ops.tasks.run_ansible_task
  . ops.tasks.run_command_execution
  . orgs.tasks.refresh_org_cache_task
  . perms.tasks.check_app_permission_will_expired
  . perms.tasks.check_asset_permission_expired
  . perms.tasks.check_asset_permission_will_expired
  . terminal.tasks.clean_expired_session_period
  . terminal.tasks.clean_orphan_session
  . terminal.tasks.delete_terminal_status_period
  . terminal.tasks.upload_session_replay_to_external_storage
  . users.tasks.check_password_expired
  . users.tasks.check_password_expired_periodic
  . users.tasks.check_user_expired
  . users.tasks.check_user_expired_periodic
  . users.tasks.import_ldap_user
  . users.tasks.import_ldap_user_periodic
  . xpack.plugins.change_auth_plan.tasks.execute_app_change_auth_plan
  . xpack.plugins.change_auth_plan.tasks.execute_change_auth_plan
  . xpack.plugins.change_auth_plan.tasks.start_app_change_auth_task
  . xpack.plugins.change_auth_plan.tasks.start_change_auth_task
  . xpack.plugins.change_auth_plan.tasks.test_change_auth_plan_task_connectivity
  . xpack.plugins.cloud.tasks.clean_sync_instance_task_execution_period
  . xpack.plugins.cloud.tasks.run_sync_instance_task
  . xpack.plugins.gathered_user.tasks.execute_gather_user_task
  . xpack.plugins.gathered_user.tasks.start_gather_user_execution

/usr/local/lib/python3.8/site-packages/azure/storage/blob/_upload_chunking.py:403: SyntaxWarning: "is" with a literal. Did you mean "=="?
  if n is 0 or self._buffer.closed:
/usr/local/lib/python3.8/site-packages/azure/storage/blob/baseblobservice.py:1008: SyntaxWarning: "is not" with a literal. Did you mean "!="?
  if lease_duration is not -1 and \
/usr/local/lib/python3.8/site-packages/azure/storage/blob/baseblobservice.py:2607: SyntaxWarning: "is not" with a literal. Did you mean "!="?
  if lease_duration is not -1 and \
/usr/local/lib/python3.8/site-packages/azure/storage/common/_connection.py:82: SyntaxWarning: "is" with a literal. Did you mean "=="?
  self.protocol = self.protocol if parsed_url.scheme is '' else parsed_url.scheme
/usr/local/lib/python3.8/site-packages/celery/app/utils.py:204: CDeprecationWarning: 
    The 'CELERY_QUEUES' setting is deprecated and scheduled for removal in
    version 6.0.0. Use the task_queues instead

  deprecated.warn(description=f'The {setting!r} setting',

/usr/local/lib/python3.8/site-packages/celery/app/utils.py:204: CDeprecationWarning: 
    The 'CELERY_TASK_SERIALIZER' setting is deprecated and scheduled for removal in
    version 6.0.0. Use the task_serializer instead

  deprecated.warn(description=f'The {setting!r} setting',

/usr/local/lib/python3.8/site-packages/celery/app/utils.py:204: CDeprecationWarning: 
    The 'CELERY_RESULT_SERIALIZER' setting is deprecated and scheduled for removal in
    version 6.0.0. Use the result_serializer instead

  deprecated.warn(description=f'The {setting!r} setting',

/usr/local/lib/python3.8/site-packages/celery/app/utils.py:204: CDeprecationWarning: 
    The 'CELERY_RESULT_BACKEND' setting is deprecated and scheduled for removal in
    version 6.0.0. Use the result_backend instead

  deprecated.warn(description=f'The {setting!r} setting',

/usr/local/lib/python3.8/site-packages/celery/app/utils.py:204: CDeprecationWarning: 
    The 'CELERY_ACCEPT_CONTENT' setting is deprecated and scheduled for removal in
    version 6.0.0. Use the accept_content instead

  deprecated.warn(description=f'The {setting!r} setting',

Please run `celery upgrade settings path/to/settings.py` to avoid these warnings and to allow a smoother upgrade to Celery 6.0.
Connected to redis://:**@redis:6379/3
mingle: searching for neighbors
mingle: all alone
ansible@e1742ac4c82d ready.
Events of group {task} enabled by remote.
