 
 -------------- celery@e1742ac4c82d v5.2.7 (dawn-chorus)
--- ***** ----- 
-- ******* ---- Linux-5.10.0-16-amd64-x86_64-with-glibc2.2.5 2022-07-28 19:18:59
- *** --- * --- 
- ** ---------- [config]
- ** ---------- .> app:         jumpserver:0x7f3185476820
- ** ---------- .> transport:   redis://:**@redis:6379/3
- ** ---------- .> results:     redis://:**@redis:6379/3
- *** --- * --- .> concurrency: 10 (thread)
-- ******* ---- .> task events: OFF (enable -E to monitor tasks in this worker)
--- ***** ----- 
 -------------- [queues]
                .> celery           exchange=celery(direct) key=celery
                

[tasks]
  . assets.tasks.account_connectivity.test_accounts_connectivity_manual
  . assets.tasks.asset_connectivity.test_asset_connectivity_manual
  . assets.tasks.asset_connectivity.test_asset_connectivity_util
  . assets.tasks.asset_connectivity.test_assets_connectivity_manual
  . assets.tasks.asset_connectivity.test_node_assets_connectivity_manual
  . assets.tasks.backup.execute_account_backup_plan
  . assets.tasks.common.add_nodes_assets_to_system_users
  . assets.tasks.gather_asset_hardware_info.update_asset_hardware_info_manual
  . assets.tasks.gather_asset_hardware_info.update_assets_hardware_info_manual
  . assets.tasks.gather_asset_hardware_info.update_assets_hardware_info_period
  . assets.tasks.gather_asset_hardware_info.update_assets_hardware_info_util
  . assets.tasks.gather_asset_hardware_info.update_node_assets_hardware_info_manual
  . assets.tasks.gather_asset_users.gather_asset_users
  . assets.tasks.gather_asset_users.gather_nodes_asset_users
  . assets.tasks.nodes_amount.check_node_assets_amount_period_task
  . assets.tasks.nodes_amount.check_node_assets_amount_task
  . assets.tasks.push_system_user.push_system_user_a_asset_manual
  . assets.tasks.push_system_user.push_system_user_to_assets
  . assets.tasks.push_system_user.push_system_user_to_assets_manual
  . assets.tasks.push_system_user.push_system_users_a_asset
  . assets.tasks.system_user_connectivity.test_system_user_connectivity_a_asset
  . assets.tasks.system_user_connectivity.test_system_user_connectivity_manual
  . assets.tasks.system_user_connectivity.test_system_user_connectivity_period
  . assets.tasks.system_user_connectivity.test_system_users_connectivity_a_asset
  . audits.tasks.clean_audits_log_period
  . authentication.tasks.clean_django_sessions
  . common.tasks.send_mail_async
  . common.tasks.send_mail_attachment_async
  . notifications.notifications.publish_task
  . ops.tasks.add
  . ops.tasks.add_m
  . ops.tasks.check_server_performance_period
  . ops.tasks.clean_celery_periodic_tasks
  . ops.tasks.clean_celery_tasks_period
  . ops.tasks.clean_tasks_adhoc_period
  . ops.tasks.create_or_update_registered_periodic_tasks
  . ops.tasks.hello
  . ops.tasks.hello123
  . ops.tasks.hello_callback
  . ops.tasks.run_ansible_task
  . ops.tasks.run_command_execution
  . orgs.tasks.refresh_org_cache_task
  . perms.tasks.check_app_permission_will_expired
  . perms.tasks.check_asset_permission_expired
  . perms.tasks.check_asset_permission_will_expired
  . terminal.tasks.clean_expired_session_period
  . terminal.tasks.clean_orphan_session
  . terminal.tasks.delete_terminal_status_period
  . terminal.tasks.upload_session_replay_to_external_storage
  . users.tasks.check_password_expired
  . users.tasks.check_password_expired_periodic
  . users.tasks.check_user_expired
  . users.tasks.check_user_expired_periodic
  . users.tasks.import_ldap_user
  . users.tasks.import_ldap_user_periodic
  . xpack.plugins.change_auth_plan.tasks.execute_app_change_auth_plan
  . xpack.plugins.change_auth_plan.tasks.execute_change_auth_plan
  . xpack.plugins.change_auth_plan.tasks.start_app_change_auth_task
  . xpack.plugins.change_auth_plan.tasks.start_change_auth_task
  . xpack.plugins.change_auth_plan.tasks.test_change_auth_plan_task_connectivity
  . xpack.plugins.cloud.tasks.clean_sync_instance_task_execution_period
  . xpack.plugins.cloud.tasks.run_sync_instance_task
  . xpack.plugins.gathered_user.tasks.execute_gather_user_task
  . xpack.plugins.gathered_user.tasks.start_gather_user_execution

/usr/local/lib/python3.8/site-packages/azure/storage/blob/_upload_chunking.py:403: SyntaxWarning: "is" with a literal. Did you mean "=="?
  if n is 0 or self._buffer.closed:
/usr/local/lib/python3.8/site-packages/azure/storage/blob/baseblobservice.py:1008: SyntaxWarning: "is not" with a literal. Did you mean "!="?
  if lease_duration is not -1 and \
/usr/local/lib/python3.8/site-packages/azure/storage/blob/baseblobservice.py:2607: SyntaxWarning: "is not" with a literal. Did you mean "!="?
  if lease_duration is not -1 and \
/usr/local/lib/python3.8/site-packages/azure/storage/common/_connection.py:82: SyntaxWarning: "is" with a literal. Did you mean "=="?
  self.protocol = self.protocol if parsed_url.scheme is '' else parsed_url.scheme
/usr/local/lib/python3.8/site-packages/celery/app/utils.py:204: CDeprecationWarning: 
    The 'CELERY_ACCEPT_CONTENT' setting is deprecated and scheduled for removal in
    version 6.0.0. Use the accept_content instead

  deprecated.warn(description=f'The {setting!r} setting',

/usr/local/lib/python3.8/site-packages/celery/app/utils.py:204: CDeprecationWarning: 
    The 'CELERY_RESULT_SERIALIZER' setting is deprecated and scheduled for removal in
    version 6.0.0. Use the result_serializer instead

  deprecated.warn(description=f'The {setting!r} setting',

/usr/local/lib/python3.8/site-packages/celery/app/utils.py:204: CDeprecationWarning: 
    The 'CELERY_TASK_SERIALIZER' setting is deprecated and scheduled for removal in
    version 6.0.0. Use the task_serializer instead

  deprecated.warn(description=f'The {setting!r} setting',

/usr/local/lib/python3.8/site-packages/celery/app/utils.py:204: CDeprecationWarning: 
    The 'CELERY_RESULT_BACKEND' setting is deprecated and scheduled for removal in
    version 6.0.0. Use the result_backend instead

  deprecated.warn(description=f'The {setting!r} setting',

/usr/local/lib/python3.8/site-packages/celery/app/utils.py:204: CDeprecationWarning: 
    The 'CELERY_QUEUES' setting is deprecated and scheduled for removal in
    version 6.0.0. Use the task_queues instead

  deprecated.warn(description=f'The {setting!r} setting',

Please run `celery upgrade settings path/to/settings.py` to avoid these warnings and to allow a smoother upgrade to Celery 6.0.
Connected to redis://:**@redis:6379/3
mingle: searching for neighbors
mingle: all alone
celery@e1742ac4c82d ready.
Task ops.tasks.clean_celery_periodic_tasks[c353d6fe-90fc-4e17-9720-41367bd59284] received
Task ops.tasks.create_or_update_registered_periodic_tasks[5ee55644-6115-4446-ac44-4f00e25fa4a4] received
Task users.tasks.check_password_expired_periodic[6625724b-77b8-4f69-b9a2-7d21a7c8280c] received
Task users.tasks.check_user_expired_periodic[269fbd8c-11f0-4377-b2fd-c0426927f151] received
Task users.tasks.import_ldap_user_periodic[228b654e-52ab-4a1c-908a-39d86f1fdf87] received
Task terminal.tasks.delete_terminal_status_period[261e368a-3f96-4faf-8f95-94e4aab7e226] received
Task terminal.tasks.clean_orphan_session[1e566137-7d1e-4fbe-aed0-eab4f1573cd6] received
Task terminal.tasks.clean_expired_session_period[61a0d504-f80f-4cf1-932c-e78b94fe23db] received
Start clean expired session record, commands and replay
Clean session item done
Clean session command done
find: ‘/opt/jumpserver/data/media/replay’: No such file or directory
find: ‘/opt/jumpserver/data/media/replay’: No such file or directory
Clean session replay done
Task ops.tasks.clean_celery_periodic_tasks[c353d6fe-90fc-4e17-9720-41367bd59284] succeeded in 0.2525467710001976s: None
Task users.tasks.import_ldap_user_periodic[228b654e-52ab-4a1c-908a-39d86f1fdf87] succeeded in 0.3100339130000975s: None
Task terminal.tasks.delete_terminal_status_period[261e368a-3f96-4faf-8f95-94e4aab7e226] succeeded in 0.32049576700001126s: None
Task users.tasks.check_user_expired_periodic[269fbd8c-11f0-4377-b2fd-c0426927f151] succeeded in 0.3440554520002479s: None
Task terminal.tasks.clean_orphan_session[1e566137-7d1e-4fbe-aed0-eab4f1573cd6] succeeded in 0.32447778599998855s: None
Task users.tasks.check_password_expired_periodic[6625724b-77b8-4f69-b9a2-7d21a7c8280c] succeeded in 0.3750215170002775s: None
Task terminal.tasks.clean_expired_session_period[61a0d504-f80f-4cf1-932c-e78b94fe23db] succeeded in 0.3271115689999533s: None
Task ops.tasks.create_or_update_registered_periodic_tasks[5ee55644-6115-4446-ac44-4f00e25fa4a4] succeeded in 0.4386853159999191s: None
Events of group {task} enabled by remote.
Task terminal.tasks.clean_orphan_session[2bc67330-ea80-46fc-bbcf-8b991574b654] received
Task terminal.tasks.clean_orphan_session[2bc67330-ea80-46fc-bbcf-8b991574b654] succeeded in 0.00481322799987538s: None
Task notifications.notifications.publish_task[27250fb9-d850-4a55-abd6-3f7977747e11] received
Task notifications.notifications.publish_task[27250fb9-d850-4a55-abd6-3f7977747e11] succeeded in 0.02798233599969535s: None
Task terminal.tasks.clean_orphan_session[947fe8d3-3ef8-4451-b656-d0b95928ab74] received
Task terminal.tasks.clean_orphan_session[947fe8d3-3ef8-4451-b656-d0b95928ab74] succeeded in 0.003757307000341825s: None
Task terminal.tasks.clean_orphan_session[f74be1fb-6c19-4233-acc5-26e362e0c662] received
Task terminal.tasks.clean_orphan_session[f74be1fb-6c19-4233-acc5-26e362e0c662] succeeded in 0.006025960000442865s: None
Task terminal.tasks.clean_orphan_session[c693666d-d20f-4ed6-8512-16b9fd8eed46] received
Task terminal.tasks.clean_orphan_session[c693666d-d20f-4ed6-8512-16b9fd8eed46] succeeded in 0.004556018000585027s: None
Task terminal.tasks.clean_orphan_session[1aa5ccd9-ab5c-4722-9915-3ce9a6e017b9] received
Task terminal.tasks.clean_orphan_session[1aa5ccd9-ab5c-4722-9915-3ce9a6e017b9] succeeded in 0.004112366000299517s: None
Task ops.tasks.check_server_performance_period[ca5b7681-92cf-4aaf-a254-42078a81359f] received
Task ops.tasks.check_server_performance_period[ca5b7681-92cf-4aaf-a254-42078a81359f] succeeded in 0.038225336000323296s: None
Task perms.tasks.check_asset_permission_expired[216a3e3d-64fb-4090-a469-0b433061ea6a] received
Task perms.tasks.check_asset_permission_expired[216a3e3d-64fb-4090-a469-0b433061ea6a] succeeded in 0.01221768899995368s: None
Task terminal.tasks.delete_terminal_status_period[95aac38a-0e0e-4c85-acd7-03a1b869dd6c] received
Task terminal.tasks.delete_terminal_status_period[95aac38a-0e0e-4c85-acd7-03a1b869dd6c] succeeded in 0.005323370999576582s: None
Task terminal.tasks.clean_orphan_session[a7b0cef1-7769-4028-9ab2-902b7d0fb857] received
Task terminal.tasks.clean_orphan_session[a7b0cef1-7769-4028-9ab2-902b7d0fb857] succeeded in 0.0036830799999734154s: None
Task terminal.tasks.clean_orphan_session[71881995-4645-42ca-94fa-04cd382be78c] received
Task terminal.tasks.clean_orphan_session[71881995-4645-42ca-94fa-04cd382be78c] succeeded in 0.005313255000146455s: None
Task terminal.tasks.clean_orphan_session[234b739d-c3f1-4c31-8f06-7bafe77bfc60] received
Task terminal.tasks.clean_orphan_session[234b739d-c3f1-4c31-8f06-7bafe77bfc60] succeeded in 0.0060655709994534845s: None
Task terminal.tasks.clean_orphan_session[83f0d316-4a05-471b-8c56-92abb44b49ca] received
Task terminal.tasks.clean_orphan_session[83f0d316-4a05-471b-8c56-92abb44b49ca] succeeded in 0.005399002000558539s: None
Task terminal.tasks.clean_orphan_session[9c183028-a1b7-46ff-985a-09b93f49ee6e] received
Task terminal.tasks.clean_orphan_session[9c183028-a1b7-46ff-985a-09b93f49ee6e] succeeded in 0.004362279998531449s: None
Task terminal.tasks.clean_orphan_session[a59fced1-da64-496a-95a5-f226b3139539] received
Task terminal.tasks.clean_orphan_session[a59fced1-da64-496a-95a5-f226b3139539] succeeded in 0.005052518001321005s: None
Task ops.tasks.check_server_performance_period[ef624829-092c-4bc2-8c86-4bb33d6eaafa] received
Task perms.tasks.check_asset_permission_expired[c790356e-d04a-440d-b7e2-1cd0ace786d4] received
Task perms.tasks.check_asset_permission_expired[c790356e-d04a-440d-b7e2-1cd0ace786d4] succeeded in 0.018288994000613457s: None
Task ops.tasks.check_server_performance_period[ef624829-092c-4bc2-8c86-4bb33d6eaafa] succeeded in 0.03947504499956267s: None
Task terminal.tasks.delete_terminal_status_period[9efcbc7a-ddd5-4da0-b8fd-7fb09ac6633b] received
Task terminal.tasks.delete_terminal_status_period[9efcbc7a-ddd5-4da0-b8fd-7fb09ac6633b] succeeded in 0.005286654999508755s: None
Task terminal.tasks.clean_orphan_session[00bf4729-ebb6-44f6-bc31-9b0c11e857d1] received
Task terminal.tasks.clean_orphan_session[00bf4729-ebb6-44f6-bc31-9b0c11e857d1] succeeded in 0.003785802000493277s: None
Task terminal.tasks.clean_orphan_session[8eb3355c-3125-4e7c-bceb-ecb47b9fd1a2] received
Task terminal.tasks.clean_orphan_session[8eb3355c-3125-4e7c-bceb-ecb47b9fd1a2] succeeded in 0.0043027430001529865s: None
Task terminal.tasks.clean_orphan_session[d7616d44-91c2-4652-998f-d9c8732700ae] received
Task terminal.tasks.clean_orphan_session[d7616d44-91c2-4652-998f-d9c8732700ae] succeeded in 0.00489447600011772s: None
Task terminal.tasks.clean_orphan_session[1a583be5-d7b8-4aea-bcfb-606da7c1b09d] received
Task terminal.tasks.clean_orphan_session[1a583be5-d7b8-4aea-bcfb-606da7c1b09d] succeeded in 0.004629249999197782s: None
Task terminal.tasks.clean_orphan_session[48577f7f-fa96-45fe-bbd8-63d33d07add5] received
Task terminal.tasks.clean_orphan_session[48577f7f-fa96-45fe-bbd8-63d33d07add5] succeeded in 0.004070209000929026s: None
Task terminal.tasks.clean_orphan_session[c9057106-2913-4bce-b092-c1498242cd9a] received
Task terminal.tasks.clean_orphan_session[c9057106-2913-4bce-b092-c1498242cd9a] succeeded in 0.004505339000388631s: None
Task ops.tasks.check_server_performance_period[6479b45a-f6a0-4b52-bfb9-3c414af0d0cf] received
Task perms.tasks.check_asset_permission_expired[94b0b6aa-fe63-4548-9f2d-0952208e61e1] received
Task perms.tasks.check_asset_permission_expired[94b0b6aa-fe63-4548-9f2d-0952208e61e1] succeeded in 0.01884346299993922s: None
Task ops.tasks.check_server_performance_period[6479b45a-f6a0-4b52-bfb9-3c414af0d0cf] succeeded in 0.033089737999034696s: None
Task terminal.tasks.delete_terminal_status_period[be311473-622e-4c12-a7c9-1030bbc1d94d] received
Task terminal.tasks.delete_terminal_status_period[be311473-622e-4c12-a7c9-1030bbc1d94d] succeeded in 0.0037835450002603466s: None
Task terminal.tasks.clean_orphan_session[e0cad8f9-c406-4ce2-86d6-5244c1127ae7] received
Task terminal.tasks.clean_orphan_session[e0cad8f9-c406-4ce2-86d6-5244c1127ae7] succeeded in 0.004385501000797376s: None
Task terminal.tasks.clean_orphan_session[013a36f5-a654-4ba1-8b86-4dd46b7cb753] received
Task terminal.tasks.clean_orphan_session[013a36f5-a654-4ba1-8b86-4dd46b7cb753] succeeded in 0.004716208999525406s: None
Task terminal.tasks.clean_orphan_session[d2c165f4-8fea-4e30-bb4b-6efb0671a3ea] received
Task terminal.tasks.clean_orphan_session[d2c165f4-8fea-4e30-bb4b-6efb0671a3ea] succeeded in 0.004314740999689093s: None
Task terminal.tasks.clean_orphan_session[7d6333dd-b9d2-4f57-bf4f-3882089be89b] received
Task terminal.tasks.clean_orphan_session[7d6333dd-b9d2-4f57-bf4f-3882089be89b] succeeded in 0.00423111800046172s: None
Task terminal.tasks.clean_orphan_session[a3cdc2fa-2983-411f-a245-cc95d8bcdcf1] received
Task terminal.tasks.clean_orphan_session[a3cdc2fa-2983-411f-a245-cc95d8bcdcf1] succeeded in 0.004722105000837473s: None
Task terminal.tasks.clean_orphan_session[0c05fad8-e3a1-4c70-9b8b-78ee31980dd7] received
Task terminal.tasks.clean_orphan_session[0c05fad8-e3a1-4c70-9b8b-78ee31980dd7] succeeded in 0.004951591999997618s: None
Task ops.tasks.check_server_performance_period[c47de24e-4fca-4d5f-9c8d-70a620f6300e] received
Task perms.tasks.check_asset_permission_expired[a26c2d66-e151-4358-912b-31209d629c96] received
Task perms.tasks.check_asset_permission_expired[a26c2d66-e151-4358-912b-31209d629c96] succeeded in 0.022671437000099104s: None
Task ops.tasks.check_server_performance_period[c47de24e-4fca-4d5f-9c8d-70a620f6300e] succeeded in 0.03867086700120126s: None
Task terminal.tasks.delete_terminal_status_period[7b9dba19-17f1-4602-91b5-661865f25c85] received
Task terminal.tasks.delete_terminal_status_period[7b9dba19-17f1-4602-91b5-661865f25c85] succeeded in 0.0051444170021568425s: None
Task terminal.tasks.clean_orphan_session[ef50c476-b0e4-459a-9fb6-e5d637ff6d3b] received
Task terminal.tasks.clean_orphan_session[ef50c476-b0e4-459a-9fb6-e5d637ff6d3b] succeeded in 0.003985213003034005s: None
Task terminal.tasks.clean_orphan_session[190d804f-9e5f-41ed-8cc8-e3b88472e97f] received
Task terminal.tasks.clean_orphan_session[190d804f-9e5f-41ed-8cc8-e3b88472e97f] succeeded in 0.004491985000640852s: None
Task terminal.tasks.clean_orphan_session[5134572b-e57d-44c9-9d2c-e1c169878084] received
Task terminal.tasks.clean_orphan_session[5134572b-e57d-44c9-9d2c-e1c169878084] succeeded in 0.0046129749971441925s: None
Task terminal.tasks.clean_orphan_session[2b27c51b-2afc-4370-8489-8063ca782971] received
Task terminal.tasks.clean_orphan_session[2b27c51b-2afc-4370-8489-8063ca782971] succeeded in 0.004229349000524962s: None
Task terminal.tasks.clean_orphan_session[3511568a-9f87-41e7-bf93-ad82a3373a1d] received
Task terminal.tasks.clean_orphan_session[3511568a-9f87-41e7-bf93-ad82a3373a1d] succeeded in 0.004521323000517441s: None
