[I 220728 19:18:36 command:152] Visit me at http://localhost:5555
[I 220728 19:18:36 command:159] Broker: redis://:**@redis:6379/3
[I 220728 19:18:36 command:160] Registered tasks: 
    ['assets.tasks.account_connectivity.test_accounts_connectivity_manual',
     'assets.tasks.asset_connectivity.test_asset_connectivity_manual',
     'assets.tasks.asset_connectivity.test_asset_connectivity_util',
     'assets.tasks.asset_connectivity.test_assets_connectivity_manual',
     'assets.tasks.asset_connectivity.test_node_assets_connectivity_manual',
     'assets.tasks.backup.execute_account_backup_plan',
     'assets.tasks.common.add_nodes_assets_to_system_users',
     'assets.tasks.gather_asset_hardware_info.update_asset_hardware_info_manual',
     'assets.tasks.gather_asset_hardware_info.update_assets_hardware_info_manual',
     'assets.tasks.gather_asset_hardware_info.update_assets_hardware_info_period',
     'assets.tasks.gather_asset_hardware_info.update_assets_hardware_info_util',
     'assets.tasks.gather_asset_hardware_info.update_node_assets_hardware_info_manual',
     'assets.tasks.gather_asset_users.gather_asset_users',
     'assets.tasks.gather_asset_users.gather_nodes_asset_users',
     'assets.tasks.nodes_amount.check_node_assets_amount_period_task',
     'assets.tasks.nodes_amount.check_node_assets_amount_task',
     'assets.tasks.push_system_user.push_system_user_a_asset_manual',
     'assets.tasks.push_system_user.push_system_user_to_assets',
     'assets.tasks.push_system_user.push_system_user_to_assets_manual',
     'assets.tasks.push_system_user.push_system_users_a_asset',
     'assets.tasks.system_user_connectivity.test_system_user_connectivity_a_asset',
     'assets.tasks.system_user_connectivity.test_system_user_connectivity_manual',
     'assets.tasks.system_user_connectivity.test_system_user_connectivity_period',
     'assets.tasks.system_user_connectivity.test_system_users_connectivity_a_asset',
     'audits.tasks.clean_audits_log_period',
     'authentication.tasks.clean_django_sessions',
     'celery.accumulate',
     'celery.backend_cleanup',
     'celery.chain',
     'celery.chord',
     'celery.chord_unlock',
     'celery.chunks',
     'celery.group',
     'celery.map',
     'celery.starmap',
     'common.tasks.send_mail_async',
     'common.tasks.send_mail_attachment_async',
     'notifications.notifications.publish_task',
     'ops.tasks.add',
     'ops.tasks.add_m',
     'ops.tasks.check_server_performance_period',
     'ops.tasks.clean_celery_periodic_tasks',
     'ops.tasks.clean_celery_tasks_period',
     'ops.tasks.clean_tasks_adhoc_period',
     'ops.tasks.create_or_update_registered_periodic_tasks',
     'ops.tasks.hello',
     'ops.tasks.hello123',
     'ops.tasks.hello_callback',
     'ops.tasks.run_ansible_task',
     'ops.tasks.run_command_execution',
     'orgs.tasks.refresh_org_cache_task',
     'perms.tasks.check_app_permission_will_expired',
     'perms.tasks.check_asset_permission_expired',
     'perms.tasks.check_asset_permission_will_expired',
     'terminal.tasks.clean_expired_session_period',
     'terminal.tasks.clean_orphan_session',
     'terminal.tasks.delete_terminal_status_period',
     'terminal.tasks.upload_session_replay_to_external_storage',
     'users.tasks.check_password_expired',
     'users.tasks.check_password_expired_periodic',
     'users.tasks.check_user_expired',
     'users.tasks.check_user_expired_periodic',
     'users.tasks.import_ldap_user',
     'users.tasks.import_ldap_user_periodic',
     'xpack.plugins.change_auth_plan.tasks.execute_app_change_auth_plan',
     'xpack.plugins.change_auth_plan.tasks.execute_change_auth_plan',
     'xpack.plugins.change_auth_plan.tasks.start_app_change_auth_task',
     'xpack.plugins.change_auth_plan.tasks.start_change_auth_task',
     'xpack.plugins.change_auth_plan.tasks.test_change_auth_plan_task_connectivity',
     'xpack.plugins.cloud.tasks.clean_sync_instance_task_execution_period',
     'xpack.plugins.cloud.tasks.run_sync_instance_task',
     'xpack.plugins.gathered_user.tasks.execute_gather_user_task',
     'xpack.plugins.gathered_user.tasks.start_gather_user_execution']
[I 220728 19:18:36 mixins:225] Connected to redis://:**@redis:6379/3
[W 220728 19:18:37 inspector:42] Inspect method revoked failed
[W 220728 19:18:37 inspector:42] Inspect method stats failed
[W 220728 19:18:37 inspector:42] Inspect method reserved failed
[W 220728 19:18:37 inspector:42] Inspect method conf failed
[W 220728 19:18:37 inspector:42] Inspect method active_queues failed
[W 220728 19:18:37 inspector:42] Inspect method scheduled failed
[W 220728 19:18:37 inspector:42] Inspect method registered failed
[W 220728 19:18:37 inspector:42] Inspect method active failed
